Log file open, 03/30/22 18:42:40
LogWindows: Failed to load 'aqProf.dll' (GetLastError=126)
LogWindows: File 'aqProf.dll' does not exist
LogWindows: Failed to load 'VtuneApi.dll' (GetLastError=126)
LogWindows: File 'VtuneApi.dll' does not exist
LogWindows: Failed to load 'VtuneApi32e.dll' (GetLastError=126)
LogWindows: File 'VtuneApi32e.dll' does not exist
LogConsoleResponse: Display: Failed to find resolution value strings in scalability ini. Falling back to default.
LogConsoleResponse: Display: Failed to find resolution value strings in scalability ini. Falling back to default.
LogInit: Display: Running engine for game: Abuse_regret
LogPlatformFile: Not using cached read wrapper
LogTaskGraph: Started task graph with 5 named threads and 47 total threads with 3 sets of task threads.
LogStats: Stats thread started at 1.141227
LogICUInternationalization: ICU TimeZone Detection - Raw Offset: +1:00, Platform Override: ''
LogInit: Display: Loading text-based GConfig....
LogPluginManager: Mounting plugin MeshPainting
LogPluginManager: Mounting plugin XGEController
LogPluginManager: Mounting plugin AISupport
LogPluginManager: Mounting plugin Paper2D
LogPluginManager: Mounting plugin EnvironmentQueryEditor
LogPluginManager: Mounting plugin LiveLink
LogPluginManager: Mounting plugin LightPropagationVolume
LogPluginManager: Mounting plugin CameraShakePreviewer
LogPluginManager: Mounting plugin AdvancedSteamSessions
LogPluginManager: Mounting plugin AdvancedSessions
LogPluginManager: Mounting plugin GameplayCameras
LogPluginManager: Mounting plugin AssetManagerEditor
LogPluginManager: Mounting plugin CryptoKeys
LogPluginManager: Mounting plugin OodleData
LogPluginManager: Mounting plugin OodleNetwork
LogPluginManager: Mounting plugin CurveEditorTools
LogPluginManager: Mounting plugin DataValidation
LogPluginManager: Mounting plugin LuminPlatformFeatures
LogPluginManager: Mounting plugin GeometryMode
LogPluginManager: Mounting plugin GameplayTagsEditor
LogPluginManager: Mounting plugin FacialAnimation
LogPluginManager: Mounting plugin MagicLeap
LogPluginManager: Mounting plugin MacGraphicsSwitching
LogPluginManager: Mounting plugin SpeedTreeImporter
LogPluginManager: Mounting plugin MobileLauncherProfileWizard
LogPluginManager: Mounting plugin MaterialAnalyzer
LogPluginManager: Mounting plugin MagicLeapLightEstimation
LogPluginManager: Mounting plugin MagicLeapMedia
LogPluginManager: Mounting plugin MagicLeapPassableWorld
LogPluginManager: Mounting plugin MLSDK
LogPluginManager: Mounting plugin AnimationSharing
LogPluginManager: Mounting plugin KDevelopSourceCodeAccess
LogPluginManager: Mounting plugin CLionSourceCodeAccess
LogPluginManager: Mounting plugin CodeLiteSourceCodeAccess
LogPluginManager: Mounting plugin GitSourceControl
LogPluginManager: Mounting plugin PerforceSourceControl
LogPluginManager: Mounting plugin NullSourceCodeAccess
LogPluginManager: Mounting plugin PropertyAccessNode
LogPluginManager: Mounting plugin PluginUtils
LogPluginManager: Mounting plugin PixWinPlugin
LogPluginManager: Mounting plugin SubversionSourceControl
LogPluginManager: Mounting plugin TextureFormatOodle
LogPluginManager: Mounting plugin VisualStudioSourceCodeAccess
LogPluginManager: Mounting plugin XCodeSourceCodeAccess
LogPluginManager: Mounting plugin RiderSourceCodeAccess
LogPluginManager: Mounting plugin VisualStudioCodeSourceCodeAccess
LogPluginManager: Mounting plugin PlasticSourceControl
LogPluginManager: Mounting plugin Niagara
LogPluginManager: Mounting plugin PluginBrowser
LogPluginManager: Mounting plugin UObjectPlugin
LogPluginManager: Mounting plugin DatasmithContent
LogPluginManager: Mounting plugin LevelSequenceEditor
LogPluginManager: Mounting plugin VariantManagerContent
LogPluginManager: Mounting plugin MatineeToLevelSequence
LogPluginManager: Mounting plugin TemplateSequence
LogPluginManager: Mounting plugin TcpMessaging
LogPluginManager: Mounting plugin UdpMessaging
LogPluginManager: Mounting plugin OnlineSubsystem
LogPluginManager: Mounting plugin OnlineSubsystemNull
LogPluginManager: Mounting plugin OnlineSubsystemSteam
LogPluginManager: Mounting plugin OnlineSubsystemUtils
LogPluginManager: Mounting plugin AndroidMedia
LogPluginManager: Mounting plugin ActorSequence
LogPluginManager: Mounting plugin AvfMedia
LogPluginManager: Mounting plugin ScreenshotTools
LogPluginManager: Mounting plugin ImgMedia
LogPluginManager: Mounting plugin MediaCompositing
LogPluginManager: Mounting plugin MediaPlayerEditor
LogPluginManager: Mounting plugin WmfMedia
LogPluginManager: Mounting plugin WebMMedia
LogPluginManager: Mounting plugin Takes
LogPluginManager: Mounting plugin AndroidPermission
LogPluginManager: Mounting plugin AndroidMoviePlayer
LogPluginManager: Mounting plugin AppleImageUtils
LogPluginManager: Mounting plugin AppleMoviePlayer
LogPluginManager: Mounting plugin ArchVisCharacter
LogPluginManager: Mounting plugin ActorLayerUtilities
LogPluginManager: Mounting plugin AndroidDeviceProfileSelector
LogPluginManager: Mounting plugin AssetTags
LogPluginManager: Mounting plugin AudioSynesthesia
LogPluginManager: Mounting plugin CableComponent
LogPluginManager: Mounting plugin AudioCapture
LogPluginManager: Mounting plugin CustomMeshComponent
LogPluginManager: Mounting plugin ChunkDownloader
LogPluginManager: Mounting plugin GoogleCloudMessaging
LogPluginManager: Mounting plugin GooglePAD
LogPluginManager: Mounting plugin ExampleDeviceProfileSelector
LogPluginManager: Mounting plugin EditableMesh
LogPluginManager: Mounting plugin IOSDeviceProfileSelector
LogPluginManager: Mounting plugin LinuxDeviceProfileSelector
LogPluginManager: Mounting plugin LocationServicesBPLibrary
LogPluginManager: Mounting plugin MobilePatchingUtils
LogPluginManager: Mounting plugin OpenXR
LogPluginManager: Mounting plugin OpenXREyeTracker
LogPluginManager: Mounting plugin PostSplashScreen
LogPluginManager: Mounting plugin PropertyAccessEditor
LogPluginManager: Mounting plugin ProceduralMeshComponent
LogPluginManager: Mounting plugin RuntimePhysXCooking
LogPluginManager: Mounting plugin SoundFields
LogPluginManager: Mounting plugin Synthesis
LogPluginManager: Mounting plugin WebMMoviePlayer
LogPluginManager: Mounting plugin LauncherChunkInstaller
LogPluginManager: Mounting plugin WindowsMoviePlayer
LogPluginManager: Mounting plugin AlembicImporter
LogPluginManager: Mounting plugin SignificanceManager
LogPluginManager: Mounting plugin OpenXRHandTracking
LogPluginManager: Mounting plugin PhysXVehicles
LogPluginManager: Mounting plugin BackChannel
LogPluginManager: Mounting plugin AutomationUtils
LogPluginManager: Mounting plugin ChaosCloth
LogPluginManager: Mounting plugin ChaosNiagara
LogPluginManager: Mounting plugin ChaosEditor
LogPluginManager: Mounting plugin CharacterAI
LogPluginManager: Mounting plugin ChaosClothEditor
LogPluginManager: Mounting plugin GeometryCache
LogPluginManager: Mounting plugin GeometryProcessing
LogPluginManager: Mounting plugin GeometryCollectionPlugin
LogPluginManager: Mounting plugin ChaosSolverPlugin
LogPluginManager: Mounting plugin MotoSynth
LogPluginManager: Mounting plugin OpenImageDenoise
LogPluginManager: Mounting plugin PlanarCut
LogPluginManager: Mounting plugin PlatformCrypto
LogPluginManager: Mounting plugin ProxyLODPlugin
LogPluginManager: Mounting plugin PythonScriptPlugin
LogPluginManager: Mounting plugin SkeletalReduction
LogPluginManager: Mounting plugin ContentBrowserClassDataSource
LogPluginManager: Mounting plugin ContentBrowserFileDataSource
LogPluginManager: Mounting plugin ContentBrowserAssetDataSource
LogPluginManager: Mounting plugin OnlineSubsystemGooglePlay
LogPluginManager: Mounting plugin OnlineSubsystemIOS
LogPluginManager: Mounting plugin SteamShared
LogPluginManager: Mounting plugin OculusVR
LogPluginManager: Mounting plugin SteamVR
PixWinPlugin: PIX capture plugin failed to initialize! Check that the process is launched from PIX.
LogInit: Using libcurl 7.55.1-DEV
LogInit:  - built for x86_64-pc-win32
LogInit:  - supports SSL with OpenSSL/1.1.1
LogInit:  - supports HTTP deflate (compression) using libz 1.2.8
LogInit:  - other features:
LogInit:      CURL_VERSION_SSL
LogInit:      CURL_VERSION_LIBZ
LogInit:      CURL_VERSION_IPV6
LogInit:      CURL_VERSION_ASYNCHDNS
LogInit:      CURL_VERSION_LARGEFILE
LogInit:      CURL_VERSION_IDN
LogInit:  CurlRequestOptions (configurable via config and command line):
LogInit:  - bVerifyPeer = true  - Libcurl will verify peer certificate
LogInit:  - bUseHttpProxy = false  - Libcurl will NOT use HTTP proxy
LogInit:  - bDontReuseConnections = false  - Libcurl will reuse connections
LogInit:  - MaxHostConnections = 16  - Libcurl will limit the number of connections to a host
LogInit:  - LocalHostAddr = Default
LogInit:  - BufferSize = 65536
LogOnline: OSS: Creating online subsystem instance for: NULL
LogInit: WinSock: version 1.1 (2.2), MaxSocks=32767, MaxUdp=65467
LogOnline: OSS: TryLoadSubsystemAndSetDefault: Loaded subsystem for module [NULL]
LogOculusPluginWrapper: OculusPlugin initialized successfully
LogHMD: Failed initializing OVRPlugin 1.59.0
LogInit: Build: ++UE4+Release-4.27-CL-18319896
LogInit: Engine Version: 4.27.2-18319896+++UE4+Release-4.27
LogInit: Compatible Engine Version: 4.27.0-17155196+++UE4+Release-4.27
LogInit: Net CL: 17155196
LogInit: OS: Windows 10 (Release 2009) (), CPU: AMD Ryzen 9 4900HS with Radeon Graphics         , GPU: AMD Radeon(TM) Graphics
LogInit: Compiled (64-bit): Nov 30 2021 07:12:08
LogInit: Compiled with Visual C++: 19.24.28315.00
LogInit: Build Configuration: Development
LogInit: Branch Name: ++UE4+Release-4.27
LogInit: Command Line:  /Game/ThirdPersonBP/Maps/Level1 -game -PIEVIACONSOLE -Multiprocess GameUserSettingsINI=E:/projet/repo/Abuse_Regret/Abuse_regret/Saved/Config/Windows/PIEGameUserSettings1.ini -MultiprocessSaveConfig -forcepassthrough -messaging -SessionName="Play in Standalone Game" -windowed -WinX=0 -WinY=24 SAVEWINPOS=1 -ResX=640 -ResY=480
LogInit: Base Directory: E:/unreal/UE_4.27/Engine/Binaries/Win64/
LogInit: Allocator: TBB
LogInit: Installed Engine Build: 1
LogDevObjectVersion: Number of dev versions registered: 29
LogDevObjectVersion:   Dev-Blueprints (B0D832E4-1F89-4F0D-ACCF-7EB736FD4AA2): 10
LogDevObjectVersion:   Dev-Build (E1C64328-A22C-4D53-A36C-8E866417BD8C): 0
LogDevObjectVersion:   Dev-Core (375EC13C-06E4-48FB-B500-84F0262A717E): 4
LogDevObjectVersion:   Dev-Editor (E4B068ED-F494-42E9-A231-DA0B2E46BB41): 40
LogDevObjectVersion:   Dev-Framework (CFFC743F-43B0-4480-9391-14DF171D2073): 37
LogDevObjectVersion:   Dev-Mobile (B02B49B5-BB20-44E9-A304-32B752E40360): 3
LogDevObjectVersion:   Dev-Networking (A4E4105C-59A1-49B5-A7C5-40C4547EDFEE): 0
LogDevObjectVersion:   Dev-Online (39C831C9-5AE6-47DC-9A44-9C173E1C8E7C): 0
LogDevObjectVersion:   Dev-Physics (78F01B33-EBEA-4F98-B9B4-84EACCB95AA2): 14
LogDevObjectVersion:   Dev-Platform (6631380F-2D4D-43E0-8009-CF276956A95A): 0
LogDevObjectVersion:   Dev-Rendering (12F88B9F-8875-4AFC-A67C-D90C383ABD29): 45
LogDevObjectVersion:   Dev-Sequencer (7B5AE74C-D270-4C10-A958-57980B212A5A): 13
LogDevObjectVersion:   Dev-VR (D7296918-1DD6-4BDD-9DE2-64A83CC13884): 3
LogDevObjectVersion:   Dev-LoadTimes (C2A15278-BFE7-4AFE-6C17-90FF531DF755): 1
LogDevObjectVersion:   Private-Geometry (6EACA3D4-40EC-4CC1-B786-8BED09428FC5): 3
LogDevObjectVersion:   Dev-AnimPhys (29E575DD-E0A3-4627-9D10-D276232CDCEA): 17
LogDevObjectVersion:   Dev-Anim (AF43A65D-7FD3-4947-9873-3E8ED9C1BB05): 15
LogDevObjectVersion:   Dev-ReflectionCapture (6B266CEC-1EC7-4B8F-A30B-E4D90942FC07): 1
LogDevObjectVersion:   Dev-Automation (0DF73D61-A23F-47EA-B727-89E90C41499A): 1
LogDevObjectVersion:   FortniteMain (601D1886-AC64-4F84-AA16-D3DE0DEAC7D6): 47
LogDevObjectVersion:   FortniteRelease (E7086368-6B23-4C58-8439-1B7016265E91): 1
LogDevObjectVersion:   Dev-Enterprise (9DFFBCD6-494F-0158-E221-12823C92A888): 10
LogDevObjectVersion:   Dev-Niagara (F2AED0AC-9AFE-416F-8664-AA7FFA26D6FC): 1
LogDevObjectVersion:   Dev-Destruction (174F1F0B-B4C6-45A5-B13F-2EE8D0FB917D): 10
LogDevObjectVersion:   Dev-Physics-Ext (35F94A83-E258-406C-A318-09F59610247C): 41
LogDevObjectVersion:   Dev-PhysicsMaterial-Chaos (B68FC16E-8B1B-42E2-B453-215C058844FE): 1
LogDevObjectVersion:   Dev-CineCamera (B2E18506-4273-CFC2-A54E-F4BB758BBA07): 1
LogDevObjectVersion:   Dev-VirtualProduction (64F58936-FD1B-42BA-BA96-7289D5D0FA4E): 1
LogDevObjectVersion:   Dev-MediaFramework (6F0ED827-A609-4895-9C91-998D90180EA4): 2
LogInit: Presizing for max 25165824 objects, including 0 objects not considered by GC, pre-allocating 0 bytes for permanent pool.
LogConfig: Applying CVar settings from Section [/Script/Engine.StreamingSettings] File [E:/projet/repo/Abuse_Regret/Abuse_regret/Saved/Config/Windows/Engine.ini]
LogConfig: Setting CVar [[s.MinBulkDataSizeForAsyncLoading:131072]]
LogConfig: Setting CVar [[s.AsyncLoadingThreadEnabled:0]]
LogConfig: Setting CVar [[s.EventDrivenLoaderEnabled:1]]
LogConfig: Setting CVar [[s.WarnIfTimeLimitExceeded:0]]
LogConfig: Setting CVar [[s.TimeLimitExceededMultiplier:1.5]]
LogConfig: Setting CVar [[s.TimeLimitExceededMinTime:0.005]]
LogConfig: Setting CVar [[s.UseBackgroundLevelStreaming:1]]
LogConfig: Setting CVar [[s.PriorityAsyncLoadingExtraTime:15.0]]
LogConfig: Setting CVar [[s.LevelStreamingActorsUpdateTimeLimit:5.0]]
LogConfig: Setting CVar [[s.PriorityLevelStreamingActorsUpdateExtraTime:5.0]]
LogConfig: Setting CVar [[s.LevelStreamingComponentsRegistrationGranularity:10]]
LogConfig: Setting CVar [[s.UnregisterComponentsTimeLimit:1.0]]
LogConfig: Setting CVar [[s.LevelStreamingComponentsUnregistrationGranularity:5]]
LogConfig: Setting CVar [[s.FlushStreamingOnExit:1]]
LogInit: Object subsystem initialized
LogConfig: Setting CVar [[con.DebugEarlyDefault:1]]
LogConfig: Setting CVar [[r.setres:1280x720]]
[2022.03.30-16.42.41:294][  0]LogConfig: Setting CVar [[con.DebugEarlyDefault:1]]
[2022.03.30-16.42.41:294][  0]LogConfig: Setting CVar [[r.setres:1280x720]]
[2022.03.30-16.42.41:294][  0]LogConfig: Applying CVar settings from Section [/Script/Engine.RendererSettings] File [E:/projet/repo/Abuse_Regret/Abuse_regret/Saved/Config/Windows/Engine.ini]
[2022.03.30-16.42.41:294][  0]LogConfig: Setting CVar [[r.GPUCrashDebugging:0]]
[2022.03.30-16.42.41:294][  0]LogConfig: Applying CVar settings from Section [/Script/Engine.RendererOverrideSettings] File [E:/projet/repo/Abuse_Regret/Abuse_regret/Saved/Config/Windows/Engine.ini]
[2022.03.30-16.42.41:294][  0]LogConfig: Applying CVar settings from Section [/Script/Engine.StreamingSettings] File [E:/projet/repo/Abuse_Regret/Abuse_regret/Saved/Config/Windows/Engine.ini]
[2022.03.30-16.42.41:294][  0]LogConfig: Setting CVar [[s.MinBulkDataSizeForAsyncLoading:131072]]
[2022.03.30-16.42.41:294][  0]LogConfig: Setting CVar [[s.AsyncLoadingThreadEnabled:0]]
[2022.03.30-16.42.41:294][  0]LogConfig: Setting CVar [[s.EventDrivenLoaderEnabled:1]]
[2022.03.30-16.42.41:294][  0]LogConfig: Setting CVar [[s.WarnIfTimeLimitExceeded:0]]
[2022.03.30-16.42.41:294][  0]LogConfig: Setting CVar [[s.TimeLimitExceededMultiplier:1.5]]
[2022.03.30-16.42.41:294][  0]LogConfig: Setting CVar [[s.TimeLimitExceededMinTime:0.005]]
[2022.03.30-16.42.41:294][  0]LogConfig: Setting CVar [[s.UseBackgroundLevelStreaming:1]]
[2022.03.30-16.42.41:294][  0]LogConfig: Setting CVar [[s.PriorityAsyncLoadingExtraTime:15.0]]
[2022.03.30-16.42.41:294][  0]LogConfig: Setting CVar [[s.LevelStreamingActorsUpdateTimeLimit:5.0]]
[2022.03.30-16.42.41:294][  0]LogConfig: Setting CVar [[s.PriorityLevelStreamingActorsUpdateExtraTime:5.0]]
[2022.03.30-16.42.41:294][  0]LogConfig: Setting CVar [[s.LevelStreamingComponentsRegistrationGranularity:10]]
[2022.03.30-16.42.41:294][  0]LogConfig: Setting CVar [[s.UnregisterComponentsTimeLimit:1.0]]
[2022.03.30-16.42.41:294][  0]LogConfig: Setting CVar [[s.LevelStreamingComponentsUnregistrationGranularity:5]]
[2022.03.30-16.42.41:294][  0]LogConfig: Setting CVar [[s.FlushStreamingOnExit:1]]
[2022.03.30-16.42.41:294][  0]LogConfig: Applying CVar settings from Section [/Script/Engine.GarbageCollectionSettings] File [E:/projet/repo/Abuse_Regret/Abuse_regret/Saved/Config/Windows/Engine.ini]
[2022.03.30-16.42.41:294][  0]LogConfig: Setting CVar [[gc.MaxObjectsNotConsideredByGC:1]]
[2022.03.30-16.42.41:294][  0]LogConfig: Setting CVar [[gc.SizeOfPermanentObjectPool:0]]
[2022.03.30-16.42.41:294][  0]LogConfig: Setting CVar [[gc.FlushStreamingOnGC:0]]
[2022.03.30-16.42.41:294][  0]LogConfig: Setting CVar [[gc.NumRetriesBeforeForcingGC:10]]
[2022.03.30-16.42.41:294][  0]LogConfig: Setting CVar [[gc.AllowParallelGC:1]]
[2022.03.30-16.42.41:294][  0]LogConfig: Setting CVar [[gc.TimeBetweenPurgingPendingKillObjects:61.1]]
[2022.03.30-16.42.41:294][  0]LogConfig: Setting CVar [[gc.MaxObjectsInEditor:25165824]]
[2022.03.30-16.42.41:294][  0]LogConfig: Setting CVar [[gc.IncrementalBeginDestroyEnabled:1]]
[2022.03.30-16.42.41:294][  0]LogConfig: Setting CVar [[gc.CreateGCClusters:1]]
[2022.03.30-16.42.41:294][  0]LogConfig: Setting CVar [[gc.MinGCClusterSize:5]]
[2022.03.30-16.42.41:294][  0]LogConfig: Setting CVar [[gc.ActorClusteringEnabled:0]]
[2022.03.30-16.42.41:294][  0]LogConfig: Setting CVar [[gc.BlueprintClusteringEnabled:0]]
[2022.03.30-16.42.41:294][  0]LogConfig: Setting CVar [[gc.UseDisregardForGCOnDedicatedServers:0]]
[2022.03.30-16.42.41:294][  0]LogConfig: Setting CVar [[gc.MultithreadedDestructionEnabled:1]]
[2022.03.30-16.42.41:294][  0]LogConfig: Applying CVar settings from Section [/Script/Engine.NetworkSettings] File [E:/projet/repo/Abuse_Regret/Abuse_regret/Saved/Config/Windows/Engine.ini]
[2022.03.30-16.42.41:295][  0]LogConfig: Applying CVar settings from Section [/Script/UnrealEd.CookerSettings] File [E:/projet/repo/Abuse_Regret/Abuse_regret/Saved/Config/Windows/Engine.ini]
[2022.03.30-16.42.41:306][  0]LogConfig: Applying CVar settings from Section [ViewDistanceQuality@3] File [E:/projet/repo/Abuse_Regret/Abuse_regret/Saved/Config/Windows/Scalability.ini]
[2022.03.30-16.42.41:306][  0]LogConfig: Setting CVar [[r.SkeletalMeshLODBias:0]]
[2022.03.30-16.42.41:306][  0]LogConfig: Setting CVar [[r.ViewDistanceScale:1.0]]
[2022.03.30-16.42.41:306][  0]LogConfig: Applying CVar settings from Section [AntiAliasingQuality@3] File [E:/projet/repo/Abuse_Regret/Abuse_regret/Saved/Config/Windows/Scalability.ini]
[2022.03.30-16.42.41:306][  0]LogConfig: Setting CVar [[r.PostProcessAAQuality:4]]
[2022.03.30-16.42.41:306][  0]LogConfig: Applying CVar settings from Section [ShadowQuality@3] File [E:/projet/repo/Abuse_Regret/Abuse_regret/Saved/Config/Windows/Scalability.ini]
[2022.03.30-16.42.41:306][  0]LogConfig: Setting CVar [[r.LightFunctionQuality:1]]
[2022.03.30-16.42.41:306][  0]LogConfig: Setting CVar [[r.ShadowQuality:5]]
[2022.03.30-16.42.41:306][  0]LogConfig: Setting CVar [[r.Shadow.CSM.MaxCascades:10]]
[2022.03.30-16.42.41:306][  0]LogConfig: Setting CVar [[r.Shadow.MaxResolution:2048]]
[2022.03.30-16.42.41:306][  0]LogConfig: Setting CVar [[r.Shadow.MaxCSMResolution:2048]]
[2022.03.30-16.42.41:306][  0]LogConfig: Setting CVar [[r.Shadow.RadiusThreshold:0.01]]
[2022.03.30-16.42.41:306][  0]LogConfig: Setting CVar [[r.Shadow.DistanceScale:1.0]]
[2022.03.30-16.42.41:306][  0]LogConfig: Setting CVar [[r.Shadow.CSM.TransitionScale:1.0]]
[2022.03.30-16.42.41:306][  0]LogConfig: Setting CVar [[r.Shadow.PreShadowResolutionFactor:1.0]]
[2022.03.30-16.42.41:306][  0]LogConfig: Setting CVar [[r.DistanceFieldShadowing:1]]
[2022.03.30-16.42.41:306][  0]LogConfig: Setting CVar [[r.DistanceFieldAO:1]]
[2022.03.30-16.42.41:306][  0]LogConfig: Setting CVar [[r.AOQuality:2]]
[2022.03.30-16.42.41:306][  0]LogConfig: Setting CVar [[r.VolumetricFog:1]]
[2022.03.30-16.42.41:306][  0]LogConfig: Setting CVar [[r.VolumetricFog.GridPixelSize:8]]
[2022.03.30-16.42.41:306][  0]LogConfig: Setting CVar [[r.VolumetricFog.GridSizeZ:128]]
[2022.03.30-16.42.41:307][  0]LogConfig: Setting CVar [[r.VolumetricFog.HistoryMissSupersampleCount:4]]
[2022.03.30-16.42.41:307][  0]LogConfig: Setting CVar [[r.LightMaxDrawDistanceScale:1]]
[2022.03.30-16.42.41:307][  0]LogConfig: Setting CVar [[r.CapsuleShadows:1]]
[2022.03.30-16.42.41:307][  0]LogConfig: Applying CVar settings from Section [PostProcessQuality@3] File [E:/projet/repo/Abuse_Regret/Abuse_regret/Saved/Config/Windows/Scalability.ini]
[2022.03.30-16.42.41:307][  0]LogConfig: Setting CVar [[r.MotionBlurQuality:4]]
[2022.03.30-16.42.41:307][  0]LogConfig: Setting CVar [[r.AmbientOcclusionMipLevelFactor:0.4]]
[2022.03.30-16.42.41:307][  0]LogConfig: Setting CVar [[r.AmbientOcclusionMaxQuality:100]]
[2022.03.30-16.42.41:307][  0]LogConfig: Setting CVar [[r.AmbientOcclusionLevels:-1]]
[2022.03.30-16.42.41:307][  0]LogConfig: Setting CVar [[r.AmbientOcclusionRadiusScale:1.0]]
[2022.03.30-16.42.41:307][  0]LogConfig: Setting CVar [[r.DepthOfFieldQuality:2]]
[2022.03.30-16.42.41:307][  0]LogConfig: Setting CVar [[r.RenderTargetPoolMin:400]]
[2022.03.30-16.42.41:307][  0]LogConfig: Setting CVar [[r.LensFlareQuality:2]]
[2022.03.30-16.42.41:307][  0]LogConfig: Setting CVar [[r.SceneColorFringeQuality:1]]
[2022.03.30-16.42.41:307][  0]LogConfig: Setting CVar [[r.EyeAdaptationQuality:2]]
[2022.03.30-16.42.41:307][  0]LogConfig: Setting CVar [[r.BloomQuality:5]]
[2022.03.30-16.42.41:307][  0]LogConfig: Setting CVar [[r.FastBlurThreshold:100]]
[2022.03.30-16.42.41:307][  0]LogConfig: Setting CVar [[r.Upscale.Quality:3]]
[2022.03.30-16.42.41:307][  0]LogConfig: Setting CVar [[r.Tonemapper.GrainQuantization:1]]
[2022.03.30-16.42.41:307][  0]LogConfig: Setting CVar [[r.LightShaftQuality:1]]
[2022.03.30-16.42.41:307][  0]LogConfig: Setting CVar [[r.Filter.SizeScale:1]]
[2022.03.30-16.42.41:307][  0]LogConfig: Setting CVar [[r.Tonemapper.Quality:5]]
[2022.03.30-16.42.41:307][  0]LogConfig: Setting CVar [[r.DOF.Gather.AccumulatorQuality:1        ; higher gathering accumulator quality]]
[2022.03.30-16.42.41:307][  0]LogConfig: Setting CVar [[r.DOF.Gather.PostfilterMethod:1          ; Median3x3 postfilering method]]
[2022.03.30-16.42.41:307][  0]LogConfig: Setting CVar [[r.DOF.Gather.EnableBokehSettings:0       ; no bokeh simulation when gathering]]
[2022.03.30-16.42.41:307][  0]LogConfig: Setting CVar [[r.DOF.Gather.RingCount:4                 ; medium number of samples when gathering]]
[2022.03.30-16.42.41:307][  0]LogConfig: Setting CVar [[r.DOF.Scatter.ForegroundCompositing:1    ; additive foreground scattering]]
[2022.03.30-16.42.41:307][  0]LogConfig: Setting CVar [[r.DOF.Scatter.BackgroundCompositing:2    ; additive background scattering]]
[2022.03.30-16.42.41:307][  0]LogConfig: Setting CVar [[r.DOF.Scatter.EnableBokehSettings:1      ; bokeh simulation when scattering]]
[2022.03.30-16.42.41:307][  0]LogConfig: Setting CVar [[r.DOF.Scatter.MaxSpriteRatio:0.1         ; only a maximum of 10% of scattered bokeh]]
[2022.03.30-16.42.41:307][  0]LogConfig: Setting CVar [[r.DOF.Recombine.Quality:1                ; cheap slight out of focus]]
[2022.03.30-16.42.41:307][  0]LogConfig: Setting CVar [[r.DOF.Recombine.EnableBokehSettings:0    ; no bokeh simulation on slight out of focus]]
[2022.03.30-16.42.41:307][  0]LogConfig: Setting CVar [[r.DOF.TemporalAAQuality:1                ; more stable temporal accumulation]]
[2022.03.30-16.42.41:307][  0]LogConfig: Setting CVar [[r.DOF.Kernel.MaxForegroundRadius:0.025]]
[2022.03.30-16.42.41:307][  0]LogConfig: Setting CVar [[r.DOF.Kernel.MaxBackgroundRadius:0.025]]
[2022.03.30-16.42.41:307][  0]LogConfig: Applying CVar settings from Section [TextureQuality@3] File [E:/projet/repo/Abuse_Regret/Abuse_regret/Saved/Config/Windows/Scalability.ini]
[2022.03.30-16.42.41:307][  0]LogConfig: Setting CVar [[r.Streaming.MipBias:0]]
[2022.03.30-16.42.41:307][  0]LogConfig: Setting CVar [[r.Streaming.AmortizeCPUToGPUCopy:0]]
[2022.03.30-16.42.41:307][  0]LogConfig: Setting CVar [[r.Streaming.MaxNumTexturesToStreamPerFrame:0]]
[2022.03.30-16.42.41:307][  0]LogConfig: Setting CVar [[r.Streaming.Boost:1]]
[2022.03.30-16.42.41:307][  0]LogConfig: Setting CVar [[r.MaxAnisotropy:8]]
[2022.03.30-16.42.41:307][  0]LogConfig: Setting CVar [[r.VT.MaxAnisotropy:8]]
[2022.03.30-16.42.41:307][  0]LogConfig: Setting CVar [[r.Streaming.LimitPoolSizeToVRAM:0]]
[2022.03.30-16.42.41:307][  0]LogConfig: Setting CVar [[r.Streaming.PoolSize:1000]]
[2022.03.30-16.42.41:307][  0]LogConfig: Setting CVar [[r.Streaming.MaxEffectiveScreenSize:0]]
[2022.03.30-16.42.41:307][  0]LogConfig: Applying CVar settings from Section [EffectsQuality@3] File [E:/projet/repo/Abuse_Regret/Abuse_regret/Saved/Config/Windows/Scalability.ini]
[2022.03.30-16.42.41:307][  0]LogConfig: Setting CVar [[r.TranslucencyLightingVolumeDim:64]]
[2022.03.30-16.42.41:307][  0]LogConfig: Setting CVar [[r.RefractionQuality:2]]
[2022.03.30-16.42.41:307][  0]LogConfig: Setting CVar [[r.SSR.Quality:3]]
[2022.03.30-16.42.41:307][  0]LogConfig: Setting CVar [[r.SSR.HalfResSceneColor:0]]
[2022.03.30-16.42.41:307][  0]LogConfig: Setting CVar [[r.SceneColorFormat:4]]
[2022.03.30-16.42.41:307][  0]LogConfig: Setting CVar [[r.DetailMode:2]]
[2022.03.30-16.42.41:307][  0]LogConfig: Setting CVar [[r.TranslucencyVolumeBlur:1]]
[2022.03.30-16.42.41:307][  0]LogConfig: Setting CVar [[r.MaterialQualityLevel:1 ; High quality]]
[2022.03.30-16.42.41:307][  0]LogConfig: Setting CVar [[r.AnisotropicMaterials:1]]
[2022.03.30-16.42.41:307][  0]LogConfig: Setting CVar [[r.SSS.Scale:1]]
[2022.03.30-16.42.41:307][  0]LogConfig: Setting CVar [[r.SSS.SampleSet:2]]
[2022.03.30-16.42.41:307][  0]LogConfig: Setting CVar [[r.SSS.Quality:1]]
[2022.03.30-16.42.41:307][  0]LogConfig: Setting CVar [[r.SSS.HalfRes:0]]
[2022.03.30-16.42.41:307][  0]LogConfig: Setting CVar [[r.SSGI.Quality:3]]
[2022.03.30-16.42.41:307][  0]LogConfig: Setting CVar [[r.EmitterSpawnRateScale:1.0]]
[2022.03.30-16.42.41:307][  0]LogConfig: Setting CVar [[r.ParticleLightQuality:2]]
[2022.03.30-16.42.41:307][  0]LogConfig: Setting CVar [[r.SkyAtmosphere.AerialPerspectiveLUT.FastApplyOnOpaque:1 ; Always have FastSkyLUT 1 in this case to avoid wrong sky]]
[2022.03.30-16.42.41:307][  0]LogConfig: Setting CVar [[r.SkyAtmosphere.AerialPerspectiveLUT.SampleCountMaxPerSlice:4]]
[2022.03.30-16.42.41:307][  0]LogConfig: Setting CVar [[r.SkyAtmosphere.AerialPerspectiveLUT.DepthResolution:16.0]]
[2022.03.30-16.42.41:307][  0]LogConfig: Setting CVar [[r.SkyAtmosphere.FastSkyLUT:1]]
[2022.03.30-16.42.41:307][  0]LogConfig: Setting CVar [[r.SkyAtmosphere.FastSkyLUT.SampleCountMin:4.0]]
[2022.03.30-16.42.41:307][  0]LogConfig: Setting CVar [[r.SkyAtmosphere.FastSkyLUT.SampleCountMax:128.0]]
[2022.03.30-16.42.41:307][  0]LogConfig: Setting CVar [[r.SkyAtmosphere.SampleCountMin:4.0]]
[2022.03.30-16.42.41:307][  0]LogConfig: Setting CVar [[r.SkyAtmosphere.SampleCountMax:128.0]]
[2022.03.30-16.42.41:307][  0]LogConfig: Setting CVar [[r.SkyAtmosphere.TransmittanceLUT.UseSmallFormat:0]]
[2022.03.30-16.42.41:307][  0]LogConfig: Setting CVar [[r.SkyAtmosphere.TransmittanceLUT.SampleCount:10.0]]
[2022.03.30-16.42.41:307][  0]LogConfig: Setting CVar [[r.SkyAtmosphere.MultiScatteringLUT.SampleCount:15.0]]
[2022.03.30-16.42.41:307][  0]LogConfig: Setting CVar [[r.SkyLight.RealTimeReflectionCapture:1]]
[2022.03.30-16.42.41:307][  0]LogConfig: Applying CVar settings from Section [FoliageQuality@3] File [E:/projet/repo/Abuse_Regret/Abuse_regret/Saved/Config/Windows/Scalability.ini]
[2022.03.30-16.42.41:307][  0]LogConfig: Setting CVar [[foliage.DensityScale:1.0]]
[2022.03.30-16.42.41:307][  0]LogConfig: Setting CVar [[grass.DensityScale:1.0]]
[2022.03.30-16.42.41:307][  0]LogConfig: Applying CVar settings from Section [ShadingQuality@3] File [E:/projet/repo/Abuse_Regret/Abuse_regret/Saved/Config/Windows/Scalability.ini]
[2022.03.30-16.42.41:307][  0]LogConfig: Setting CVar [[r.HairStrands.SkyLighting.IntegrationType:2]]
[2022.03.30-16.42.41:307][  0]LogConfig: Setting CVar [[r.HairStrands.SkyAO.SampleCount:4]]
[2022.03.30-16.42.41:307][  0]LogConfig: Setting CVar [[r.HairStrands.Visibility.MSAA.SamplePerPixel:4]]
[2022.03.30-16.42.41:307][  0]LogInit: Selected Device Profile: [Windows]
[2022.03.30-16.42.41:307][  0]LogInit: Applying CVar settings loaded from the selected device profile: [Windows]
[2022.03.30-16.42.41:308][  0]LogHAL: Display: Platform has ~ 16 GB [16556580864 / 17179869184 / 16], which maps to Larger [LargestMinGB=32, LargerMinGB=12, DefaultMinGB=8, SmallerMinGB=6, SmallestMinGB=0)
[2022.03.30-16.42.41:308][  0]LogInit: Going up to parent DeviceProfile []
[2022.03.30-16.42.41:308][  0]LogConfig: Applying CVar settings from Section [ViewDistanceQuality@3] File [E:/projet/repo/Abuse_Regret/Abuse_regret/Saved/Config/Windows/Scalability.ini]
[2022.03.30-16.42.41:308][  0]LogConfig: Setting CVar [[r.SkeletalMeshLODBias:0]]
[2022.03.30-16.42.41:308][  0]LogConfig: Setting CVar [[r.ViewDistanceScale:1.0]]
[2022.03.30-16.42.41:308][  0]LogConfig: Applying CVar settings from Section [AntiAliasingQuality@3] File [E:/projet/repo/Abuse_Regret/Abuse_regret/Saved/Config/Windows/Scalability.ini]
[2022.03.30-16.42.41:308][  0]LogConfig: Setting CVar [[r.PostProcessAAQuality:4]]
[2022.03.30-16.42.41:308][  0]LogConfig: Applying CVar settings from Section [ShadowQuality@3] File [E:/projet/repo/Abuse_Regret/Abuse_regret/Saved/Config/Windows/Scalability.ini]
[2022.03.30-16.42.41:308][  0]LogConfig: Setting CVar [[r.LightFunctionQuality:1]]
[2022.03.30-16.42.41:308][  0]LogConfig: Setting CVar [[r.ShadowQuality:5]]
[2022.03.30-16.42.41:308][  0]LogConfig: Setting CVar [[r.Shadow.CSM.MaxCascades:10]]
[2022.03.30-16.42.41:308][  0]LogConfig: Setting CVar [[r.Shadow.MaxResolution:2048]]
[2022.03.30-16.42.41:308][  0]LogConfig: Setting CVar [[r.Shadow.MaxCSMResolution:2048]]
[2022.03.30-16.42.41:308][  0]LogConfig: Setting CVar [[r.Shadow.RadiusThreshold:0.01]]
[2022.03.30-16.42.41:308][  0]LogConfig: Setting CVar [[r.Shadow.DistanceScale:1.0]]
[2022.03.30-16.42.41:308][  0]LogConfig: Setting CVar [[r.Shadow.CSM.TransitionScale:1.0]]
[2022.03.30-16.42.41:308][  0]LogConfig: Setting CVar [[r.Shadow.PreShadowResolutionFactor:1.0]]
[2022.03.30-16.42.41:308][  0]LogConfig: Setting CVar [[r.DistanceFieldShadowing:1]]
[2022.03.30-16.42.41:308][  0]LogConfig: Setting CVar [[r.DistanceFieldAO:1]]
[2022.03.30-16.42.41:308][  0]LogConfig: Setting CVar [[r.AOQuality:2]]
[2022.03.30-16.42.41:308][  0]LogConfig: Setting CVar [[r.VolumetricFog:1]]
[2022.03.30-16.42.41:308][  0]LogConfig: Setting CVar [[r.VolumetricFog.GridPixelSize:8]]
[2022.03.30-16.42.41:308][  0]LogConfig: Setting CVar [[r.VolumetricFog.GridSizeZ:128]]
[2022.03.30-16.42.41:308][  0]LogConfig: Setting CVar [[r.VolumetricFog.HistoryMissSupersampleCount:4]]
[2022.03.30-16.42.41:308][  0]LogConfig: Setting CVar [[r.LightMaxDrawDistanceScale:1]]
[2022.03.30-16.42.41:308][  0]LogConfig: Setting CVar [[r.CapsuleShadows:1]]
[2022.03.30-16.42.41:308][  0]LogConfig: Applying CVar settings from Section [PostProcessQuality@3] File [E:/projet/repo/Abuse_Regret/Abuse_regret/Saved/Config/Windows/Scalability.ini]
[2022.03.30-16.42.41:308][  0]LogConfig: Setting CVar [[r.MotionBlurQuality:4]]
[2022.03.30-16.42.41:308][  0]LogConfig: Setting CVar [[r.AmbientOcclusionMipLevelFactor:0.4]]
[2022.03.30-16.42.41:308][  0]LogConfig: Setting CVar [[r.AmbientOcclusionMaxQuality:100]]
[2022.03.30-16.42.41:308][  0]LogConfig: Setting CVar [[r.AmbientOcclusionLevels:-1]]
[2022.03.30-16.42.41:308][  0]LogConfig: Setting CVar [[r.AmbientOcclusionRadiusScale:1.0]]
[2022.03.30-16.42.41:308][  0]LogConfig: Setting CVar [[r.DepthOfFieldQuality:2]]
[2022.03.30-16.42.41:308][  0]LogConfig: Setting CVar [[r.RenderTargetPoolMin:400]]
[2022.03.30-16.42.41:308][  0]LogConfig: Setting CVar [[r.LensFlareQuality:2]]
[2022.03.30-16.42.41:308][  0]LogConfig: Setting CVar [[r.SceneColorFringeQuality:1]]
[2022.03.30-16.42.41:308][  0]LogConfig: Setting CVar [[r.EyeAdaptationQuality:2]]
[2022.03.30-16.42.41:308][  0]LogConfig: Setting CVar [[r.BloomQuality:5]]
[2022.03.30-16.42.41:308][  0]LogConfig: Setting CVar [[r.FastBlurThreshold:100]]
[2022.03.30-16.42.41:308][  0]LogConfig: Setting CVar [[r.Upscale.Quality:3]]
[2022.03.30-16.42.41:308][  0]LogConfig: Setting CVar [[r.Tonemapper.GrainQuantization:1]]
[2022.03.30-16.42.41:308][  0]LogConfig: Setting CVar [[r.LightShaftQuality:1]]
[2022.03.30-16.42.41:308][  0]LogConfig: Setting CVar [[r.Filter.SizeScale:1]]
[2022.03.30-16.42.41:308][  0]LogConfig: Setting CVar [[r.Tonemapper.Quality:5]]
[2022.03.30-16.42.41:308][  0]LogConfig: Setting CVar [[r.DOF.Gather.AccumulatorQuality:1        ; higher gathering accumulator quality]]
[2022.03.30-16.42.41:308][  0]LogConfig: Setting CVar [[r.DOF.Gather.PostfilterMethod:1          ; Median3x3 postfilering method]]
[2022.03.30-16.42.41:308][  0]LogConfig: Setting CVar [[r.DOF.Gather.EnableBokehSettings:0       ; no bokeh simulation when gathering]]
[2022.03.30-16.42.41:308][  0]LogConfig: Setting CVar [[r.DOF.Gather.RingCount:4                 ; medium number of samples when gathering]]
[2022.03.30-16.42.41:308][  0]LogConfig: Setting CVar [[r.DOF.Scatter.ForegroundCompositing:1    ; additive foreground scattering]]
[2022.03.30-16.42.41:308][  0]LogConfig: Setting CVar [[r.DOF.Scatter.BackgroundCompositing:2    ; additive background scattering]]
[2022.03.30-16.42.41:308][  0]LogConfig: Setting CVar [[r.DOF.Scatter.EnableBokehSettings:1      ; bokeh simulation when scattering]]
[2022.03.30-16.42.41:308][  0]LogConfig: Setting CVar [[r.DOF.Scatter.MaxSpriteRatio:0.1         ; only a maximum of 10% of scattered bokeh]]
[2022.03.30-16.42.41:308][  0]LogConfig: Setting CVar [[r.DOF.Recombine.Quality:1                ; cheap slight out of focus]]
[2022.03.30-16.42.41:308][  0]LogConfig: Setting CVar [[r.DOF.Recombine.EnableBokehSettings:0    ; no bokeh simulation on slight out of focus]]
[2022.03.30-16.42.41:308][  0]LogConfig: Setting CVar [[r.DOF.TemporalAAQuality:1                ; more stable temporal accumulation]]
[2022.03.30-16.42.41:308][  0]LogConfig: Setting CVar [[r.DOF.Kernel.MaxForegroundRadius:0.025]]
[2022.03.30-16.42.41:308][  0]LogConfig: Setting CVar [[r.DOF.Kernel.MaxBackgroundRadius:0.025]]
[2022.03.30-16.42.41:308][  0]LogConfig: Applying CVar settings from Section [TextureQuality@3] File [E:/projet/repo/Abuse_Regret/Abuse_regret/Saved/Config/Windows/Scalability.ini]
[2022.03.30-16.42.41:308][  0]LogConfig: Setting CVar [[r.Streaming.MipBias:0]]
[2022.03.30-16.42.41:308][  0]LogConfig: Setting CVar [[r.Streaming.AmortizeCPUToGPUCopy:0]]
[2022.03.30-16.42.41:308][  0]LogConfig: Setting CVar [[r.Streaming.MaxNumTexturesToStreamPerFrame:0]]
[2022.03.30-16.42.41:308][  0]LogConfig: Setting CVar [[r.Streaming.Boost:1]]
[2022.03.30-16.42.41:308][  0]LogConfig: Setting CVar [[r.MaxAnisotropy:8]]
[2022.03.30-16.42.41:309][  0]LogConfig: Setting CVar [[r.VT.MaxAnisotropy:8]]
[2022.03.30-16.42.41:309][  0]LogConfig: Setting CVar [[r.Streaming.LimitPoolSizeToVRAM:0]]
[2022.03.30-16.42.41:309][  0]LogConfig: Setting CVar [[r.Streaming.PoolSize:1000]]
[2022.03.30-16.42.41:309][  0]LogConfig: Setting CVar [[r.Streaming.MaxEffectiveScreenSize:0]]
[2022.03.30-16.42.41:309][  0]LogConfig: Applying CVar settings from Section [EffectsQuality@3] File [E:/projet/repo/Abuse_Regret/Abuse_regret/Saved/Config/Windows/Scalability.ini]
[2022.03.30-16.42.41:309][  0]LogConfig: Setting CVar [[r.TranslucencyLightingVolumeDim:64]]
[2022.03.30-16.42.41:309][  0]LogConfig: Setting CVar [[r.RefractionQuality:2]]
[2022.03.30-16.42.41:309][  0]LogConfig: Setting CVar [[r.SSR.Quality:3]]
[2022.03.30-16.42.41:309][  0]LogConfig: Setting CVar [[r.SSR.HalfResSceneColor:0]]
[2022.03.30-16.42.41:309][  0]LogConfig: Setting CVar [[r.SceneColorFormat:4]]
[2022.03.30-16.42.41:309][  0]LogConfig: Setting CVar [[r.DetailMode:2]]
[2022.03.30-16.42.41:309][  0]LogConfig: Setting CVar [[r.TranslucencyVolumeBlur:1]]
[2022.03.30-16.42.41:309][  0]LogConfig: Setting CVar [[r.MaterialQualityLevel:1 ; High quality]]
[2022.03.30-16.42.41:309][  0]LogConfig: Setting CVar [[r.AnisotropicMaterials:1]]
[2022.03.30-16.42.41:309][  0]LogConfig: Setting CVar [[r.SSS.Scale:1]]
[2022.03.30-16.42.41:309][  0]LogConfig: Setting CVar [[r.SSS.SampleSet:2]]
[2022.03.30-16.42.41:309][  0]LogConfig: Setting CVar [[r.SSS.Quality:1]]
[2022.03.30-16.42.41:309][  0]LogConfig: Setting CVar [[r.SSS.HalfRes:0]]
[2022.03.30-16.42.41:309][  0]LogConfig: Setting CVar [[r.SSGI.Quality:3]]
[2022.03.30-16.42.41:309][  0]LogConfig: Setting CVar [[r.EmitterSpawnRateScale:1.0]]
[2022.03.30-16.42.41:309][  0]LogConfig: Setting CVar [[r.ParticleLightQuality:2]]
[2022.03.30-16.42.41:309][  0]LogConfig: Setting CVar [[r.SkyAtmosphere.AerialPerspectiveLUT.FastApplyOnOpaque:1 ; Always have FastSkyLUT 1 in this case to avoid wrong sky]]
[2022.03.30-16.42.41:309][  0]LogConfig: Setting CVar [[r.SkyAtmosphere.AerialPerspectiveLUT.SampleCountMaxPerSlice:4]]
[2022.03.30-16.42.41:309][  0]LogConfig: Setting CVar [[r.SkyAtmosphere.AerialPerspectiveLUT.DepthResolution:16.0]]
[2022.03.30-16.42.41:309][  0]LogConfig: Setting CVar [[r.SkyAtmosphere.FastSkyLUT:1]]
[2022.03.30-16.42.41:309][  0]LogConfig: Setting CVar [[r.SkyAtmosphere.FastSkyLUT.SampleCountMin:4.0]]
[2022.03.30-16.42.41:309][  0]LogConfig: Setting CVar [[r.SkyAtmosphere.FastSkyLUT.SampleCountMax:128.0]]
[2022.03.30-16.42.41:309][  0]LogConfig: Setting CVar [[r.SkyAtmosphere.SampleCountMin:4.0]]
[2022.03.30-16.42.41:309][  0]LogConfig: Setting CVar [[r.SkyAtmosphere.SampleCountMax:128.0]]
[2022.03.30-16.42.41:309][  0]LogConfig: Setting CVar [[r.SkyAtmosphere.TransmittanceLUT.UseSmallFormat:0]]
[2022.03.30-16.42.41:309][  0]LogConfig: Setting CVar [[r.SkyAtmosphere.TransmittanceLUT.SampleCount:10.0]]
[2022.03.30-16.42.41:309][  0]LogConfig: Setting CVar [[r.SkyAtmosphere.MultiScatteringLUT.SampleCount:15.0]]
[2022.03.30-16.42.41:309][  0]LogConfig: Setting CVar [[r.SkyLight.RealTimeReflectionCapture:1]]
[2022.03.30-16.42.41:309][  0]LogConfig: Applying CVar settings from Section [FoliageQuality@3] File [E:/projet/repo/Abuse_Regret/Abuse_regret/Saved/Config/Windows/Scalability.ini]
[2022.03.30-16.42.41:309][  0]LogConfig: Setting CVar [[foliage.DensityScale:1.0]]
[2022.03.30-16.42.41:309][  0]LogConfig: Setting CVar [[grass.DensityScale:1.0]]
[2022.03.30-16.42.41:309][  0]LogConfig: Applying CVar settings from Section [ShadingQuality@3] File [E:/projet/repo/Abuse_Regret/Abuse_regret/Saved/Config/Windows/Scalability.ini]
[2022.03.30-16.42.41:309][  0]LogConfig: Setting CVar [[r.HairStrands.SkyLighting.IntegrationType:2]]
[2022.03.30-16.42.41:309][  0]LogConfig: Setting CVar [[r.HairStrands.SkyAO.SampleCount:4]]
[2022.03.30-16.42.41:309][  0]LogConfig: Setting CVar [[r.HairStrands.Visibility.MSAA.SamplePerPixel:4]]
[2022.03.30-16.42.41:309][  0]LogConfig: Applying CVar settings from Section [Startup] File [../../../Engine/Config/ConsoleVariables.ini]
[2022.03.30-16.42.41:310][  0]LogConfig: Setting CVar [[net.UseAdaptiveNetUpdateFrequency:0]]
[2022.03.30-16.42.41:310][  0]LogConfig: Setting CVar [[p.chaos.AllowCreatePhysxBodies:1]]
[2022.03.30-16.42.41:310][  0]LogConfig: Setting CVar [[fx.SkipVectorVMBackendOptimizations:1]]
[2022.03.30-16.42.41:310][  0]LogConfig: Applying CVar settings from Section [ConsoleVariables] File [E:/projet/repo/Abuse_Regret/Abuse_regret/Saved/Config/Windows/Engine.ini]
[2022.03.30-16.42.41:310][  0]LogConfig: Applying CVar settings from Section [ConsoleVariables] File [E:/projet/repo/Abuse_Regret/Abuse_regret/Saved/Config/Windows/Editor.ini]
[2022.03.30-16.42.41:310][  0]LogInit: Computer: DESKTOP-C7382K4
[2022.03.30-16.42.41:310][  0]LogInit: User: Remy
[2022.03.30-16.42.41:310][  0]LogInit: CPU Page size=4096, Cores=8
[2022.03.30-16.42.41:310][  0]LogInit: High frequency timer resolution =10.000000 MHz
[2022.03.30-16.42.41:310][  0]LogMemory: Memory total: Physical=15.4GB (16GB approx)
[2022.03.30-16.42.41:310][  0]LogMemory: Platform Memory Stats for Windows
[2022.03.30-16.42.41:310][  0]LogMemory: Process Physical Memory: 148.91 MB used, 148.91 MB peak
[2022.03.30-16.42.41:310][  0]LogMemory: Process Virtual Memory: 131.54 MB used, 131.54 MB peak
[2022.03.30-16.42.41:310][  0]LogMemory: Physical Memory: 8812.08 MB used,  6977.51 MB free, 15789.59 MB total
[2022.03.30-16.42.41:310][  0]LogMemory: Virtual Memory: 134211992.00 MB used,  5737.42 MB free, 134217728.00 MB total
[2022.03.30-16.42.41:316][  0]LogWindows: WindowsPlatformFeatures enabled
[2022.03.30-16.42.41:380][  0]LogInit: Physics initialised using underlying interface: PhysX
[2022.03.30-16.42.41:380][  0]LogInit: Using OS detected language (en-US).
[2022.03.30-16.42.41:380][  0]LogInit: Using OS detected locale (en-US).
[2022.03.30-16.42.41:382][  0]LogTextLocalizationManager: No specific localization for 'en-US' exists, so the 'en' localization will be used.
[2022.03.30-16.42.41:661][  0]LogWindowsTextInputMethodSystem: Display: IME system deactivated.
[2022.03.30-16.42.41:697][  0]LogSlate: New Slate User Created.  User Index 0, Is Virtual User: 0
[2022.03.30-16.42.41:698][  0]LogSlate: Slate User Registered.  User Index 0, Is Virtual User: 0
[2022.03.30-16.42.41:724][  0]LogD3D11RHI: Loaded GFSDK_Aftermath_Lib.x64.dll
[2022.03.30-16.42.41:769][  0]LogHMD: Failed to initialize OpenVR with code 110
[2022.03.30-16.42.41:769][  0]LogD3D11RHI: D3D11 min allowed feature level: 11_0
[2022.03.30-16.42.41:769][  0]LogD3D11RHI: D3D11 max allowed feature level: 11_0
[2022.03.30-16.42.41:769][  0]LogD3D11RHI: D3D11 adapters:
[2022.03.30-16.42.41:887][  0]LogD3D11RHI:    0. 'NVIDIA GeForce RTX 2060 with Max-Q Design' (Feature Level 11_0)
[2022.03.30-16.42.41:887][  0]LogD3D11RHI:       5980/0/7894 MB DedicatedVideo/DedicatedSystem/SharedSystem, Outputs:1, VendorId:0x10de
[2022.03.30-16.42.41:927][  0]LogD3D11RHI:    1. 'AMD Radeon(TM) Graphics' (Feature Level 11_0)
[2022.03.30-16.42.41:928][  0]LogD3D11RHI:       496/0/7894 MB DedicatedVideo/DedicatedSystem/SharedSystem, Outputs:0, VendorId:0x1002
[2022.03.30-16.42.41:930][  0]LogD3D11RHI:    2. 'Microsoft Basic Render Driver' (Feature Level 11_0)
[2022.03.30-16.42.41:930][  0]LogD3D11RHI:       0/0/7894 MB DedicatedVideo/DedicatedSystem/SharedSystem, Outputs:0, VendorId:0x1414
[2022.03.30-16.42.41:930][  0]LogD3D11RHI: Chosen D3D11 Adapter:
[2022.03.30-16.42.41:930][  0]LogD3D11RHI:     Description : NVIDIA GeForce RTX 2060 with Max-Q Design
[2022.03.30-16.42.41:930][  0]LogD3D11RHI:     VendorId    : 10de
[2022.03.30-16.42.41:930][  0]LogD3D11RHI:     DeviceId    : 1f12
[2022.03.30-16.42.41:930][  0]LogD3D11RHI:     SubSysId    : 1e111043
[2022.03.30-16.42.41:930][  0]LogD3D11RHI:     Revision    : 00a1
[2022.03.30-16.42.41:930][  0]LogD3D11RHI:     DedicatedVideoMemory : 6270484480 bytes
[2022.03.30-16.42.41:930][  0]LogD3D11RHI:     DedicatedSystemMemory : 0 bytes
[2022.03.30-16.42.41:930][  0]LogD3D11RHI:     SharedSystemMemory : 8278290432 bytes
[2022.03.30-16.42.41:930][  0]LogD3D11RHI:     AdapterLuid : 0 64066
[2022.03.30-16.42.41:939][  0]LogD3D11RHI: Creating new Direct3DDevice
[2022.03.30-16.42.41:939][  0]LogD3D11RHI:     GPU DeviceId: 0x1f12 (for the marketing name, search the web for "GPU Device Id")
[2022.03.30-16.42.41:939][  0]LogWindows: EnumDisplayDevices:
[2022.03.30-16.42.41:940][  0]LogWindows:    0. 'AMD Radeon(TM) Graphics' (P:1 D:1)
[2022.03.30-16.42.41:940][  0]LogWindows:    1. 'AMD Radeon(TM) Graphics' (P:0 D:0)
[2022.03.30-16.42.41:941][  0]LogWindows:    2. 'AMD Radeon(TM) Graphics' (P:0 D:0)
[2022.03.30-16.42.41:941][  0]LogWindows:    3. 'AMD Radeon(TM) Graphics' (P:0 D:0)
[2022.03.30-16.42.41:942][  0]LogWindows:    4. 'NVIDIA GeForce RTX 2060 with Max-Q Design' (P:0 D:0)
[2022.03.30-16.42.41:942][  0]LogWindows:    5. 'NVIDIA GeForce RTX 2060 with Max-Q Design' (P:0 D:0)
[2022.03.30-16.42.41:942][  0]LogWindows:    6. 'NVIDIA GeForce RTX 2060 with Max-Q Design' (P:0 D:0)
[2022.03.30-16.42.41:942][  0]LogWindows:    7. 'NVIDIA GeForce RTX 2060 with Max-Q Design' (P:0 D:0)
[2022.03.30-16.42.41:943][  0]LogWindows: DebugString: PrimaryIsNotTheChoosenAdapter PrimaryIsNotTheChoosenAdapter PrimaryIsNotTheChoosenAdapter PrimaryIsNotTheChoosenAdapter FoundDriverCount:4 
[2022.03.30-16.42.41:943][  0]LogD3D11RHI:     Adapter Name: NVIDIA GeForce RTX 2060 with Max-Q Design
[2022.03.30-16.42.41:943][  0]LogD3D11RHI:   Driver Version: 496.76 (internal:30.0.14.9676, unified:496.76)
[2022.03.30-16.42.41:943][  0]LogD3D11RHI:      Driver Date: 11-9-2021
[2022.03.30-16.42.41:943][  0]LogRHI: Texture pool is 4186 MB (70% of 5980 MB)
[2022.03.30-16.42.41:943][  0]LogD3D11RHI: Creating D3DDevice using adapter:
[2022.03.30-16.42.41:943][  0]LogD3D11RHI:     Description : NVIDIA GeForce RTX 2060 with Max-Q Design
[2022.03.30-16.42.41:943][  0]LogD3D11RHI:     VendorId    : 10de
[2022.03.30-16.42.41:943][  0]LogD3D11RHI:     DeviceId    : 1f12
[2022.03.30-16.42.41:943][  0]LogD3D11RHI:     SubSysId    : 1e111043
[2022.03.30-16.42.41:943][  0]LogD3D11RHI:     Revision    : 00a1
[2022.03.30-16.42.41:943][  0]LogD3D11RHI:     DedicatedVideoMemory : 6270484480 bytes
[2022.03.30-16.42.41:943][  0]LogD3D11RHI:     DedicatedSystemMemory : 0 bytes
[2022.03.30-16.42.41:943][  0]LogD3D11RHI:     SharedSystemMemory : 8278290432 bytes
[2022.03.30-16.42.41:943][  0]LogD3D11RHI:     AdapterLuid : 0 64066
[2022.03.30-16.42.42:020][  0]LogD3D11RHI: RHI has support for 64 bit atomics
[2022.03.30-16.42.42:020][  0]LogD3D11RHI: Async texture creation enabled
[2022.03.30-16.42.42:020][  0]LogD3D11RHI: Array index from any shader is supported
[2022.03.30-16.42.42:052][  0]LogD3D11RHI: GPU Timing Frequency: 1000.000000 (Debug: 2 1)
[2022.03.30-16.42.42:079][  0]LogRHI: GeForceNow SDK initialized: 1
[2022.03.30-16.42.42:634][  0]LogTargetPlatformManager: Display: Loaded TargetPlatform 'WindowsNoEditor'
[2022.03.30-16.42.42:641][  0]LogTargetPlatformManager: Display: Loaded TargetPlatform 'Windows'
[2022.03.30-16.42.42:650][  0]LogTargetPlatformManager: Display: Loaded TargetPlatform 'WindowsClient'
[2022.03.30-16.42.42:657][  0]LogTargetPlatformManager: Display: Loaded TargetPlatform 'WindowsServer'
[2022.03.30-16.42.42:657][  0]LogTargetPlatformManager: Display: Building Assets For Windows
[2022.03.30-16.42.42:668][  0]LogAudioDebug: Display: Lib vorbis DLL was dynamically loaded.
[2022.03.30-16.42.42:712][  0]LogTextureFormatOodle: Display: Oodle Texture 2.9.0 init RDO Off
[2022.03.30-16.42.42:760][  0]LogRendererCore: Ray tracing is disabled. Reason: r.RayTracing=0.
[2022.03.30-16.42.42:760][  0]LogShaderCompilers: Guid format shader working directory is -8 characters bigger than the processId version (../../../../../projet/repo/Abuse_Regret/Abuse_regret/Intermediate/Shaders/WorkingDirectory/10724/).
[2022.03.30-16.42.42:760][  0]LogShaderCompilers: Cleaned the shader compiler working directory 'C:/Users/Remy/AppData/Local/Temp/UnrealShaderWorkingDir/D1693E474BEC21ECD848F4A9177016F9/'.
[2022.03.30-16.42.42:760][  0]LogXGEController: Cannot use XGE Controller as Incredibuild is not installed on this machine.
[2022.03.30-16.42.42:761][  0]LogShaderCompilers: Cannot use XGE Shader Compiler as Incredibuild is not installed on this machine.
[2022.03.30-16.42.42:761][  0]LogShaderCompilers: Display: Using Local Shader Compiler.
[2022.03.30-16.42.43:489][  0]LogDerivedDataCache: Display: Max Cache Size: 512 MB
[2022.03.30-16.42.43:546][  0]LogDerivedDataCache: Loaded boot cache 0.06s 94MB C:/Users/Remy/AppData/Local/UnrealEngine/4.27/DerivedDataCache/Boot.ddc.
[2022.03.30-16.42.43:546][  0]LogDerivedDataCache: Display: Loaded Boot cache: C:/Users/Remy/AppData/Local/UnrealEngine/4.27/DerivedDataCache/Boot.ddc
[2022.03.30-16.42.43:546][  0]LogDerivedDataCache: FDerivedDataBackendGraph:  Pak pak cache file ../../../../../projet/repo/Abuse_Regret/Abuse_regret/DerivedDataCache/DDC.ddp not found, will not use a pak cache.
[2022.03.30-16.42.43:546][  0]LogDerivedDataCache: Unable to find inner node Pak for hierarchical cache Hierarchy.
[2022.03.30-16.42.43:546][  0]LogDerivedDataCache: FDerivedDataBackendGraph:  CompressedPak pak cache file ../../../../../projet/repo/Abuse_Regret/Abuse_regret/DerivedDataCache/Compressed.ddp not found, will not use a pak cache.
[2022.03.30-16.42.43:546][  0]LogDerivedDataCache: Unable to find inner node CompressedPak for hierarchical cache Hierarchy.
[2022.03.30-16.42.43:567][  0]LogDerivedDataCache: Display: Pak cache opened for reading ../../../Engine/DerivedDataCache/Compressed.ddp.
[2022.03.30-16.42.43:567][  0]LogDerivedDataCache: FDerivedDataBackendGraph:  EnterprisePak pak cache file ../../../Enterprise/DerivedDataCache/Compressed.ddp not found, will not use a pak cache.
[2022.03.30-16.42.43:567][  0]LogDerivedDataCache: Unable to find inner node EnterprisePak for hierarchical cache Hierarchy.
[2022.03.30-16.42.43:577][  0]LogDerivedDataCache: Speed tests for C:/Users/Remy/AppData/Local/UnrealEngine/Common/DerivedDataCache took 0.01 seconds
[2022.03.30-16.42.43:577][  0]LogDerivedDataCache: Display: Performance to C:/Users/Remy/AppData/Local/UnrealEngine/Common/DerivedDataCache: Latency=0.02ms. RandomReadSpeed=1492.99MBs, RandomWriteSpeed=105.99MBs. Assigned SpeedClass 'Local'
[2022.03.30-16.42.43:578][  0]LogDerivedDataCache: Using Local data cache path C:/Users/Remy/AppData/Local/UnrealEngine/Common/DerivedDataCache: Writable
[2022.03.30-16.42.43:578][  0]LogDerivedDataCache: Shared data cache path not found in *engine.ini, will not use an Shared cache.
[2022.03.30-16.42.43:578][  0]LogDerivedDataCache: Unable to find inner node Shared for hierarchical cache Hierarchy.
[2022.03.30-16.42.43:616][  0]LogSlate: Using FreeType 2.10.0
[2022.03.30-16.42.43:617][  0]LogSlate: SlateFontServices - WITH_FREETYPE: 1, WITH_HARFBUZZ: 1
[2022.03.30-16.42.43:747][  0]LogInit: Using OS detected language (en-US).
[2022.03.30-16.42.43:747][  0]LogInit: Using OS detected locale (en-US).
[2022.03.30-16.42.43:747][  0]LogTextLocalizationManager: No localization for 'en-US' exists, so 'en' will be used for the language.
[2022.03.30-16.42.43:747][  0]LogTextLocalizationManager: No localization for 'en-US' exists, so 'en' will be used for the locale.
[2022.03.30-16.42.43:747][  0]LogSlate: FontCache flush requested. Reason: Culture for localization was changed
[2022.03.30-16.42.43:747][  0]LogSlate: FontCache flush requested. Reason: Culture for localization was changed
[2022.03.30-16.42.43:751][  0]LogTextLocalizationManager: Compacting localization data took   0.01ms
[2022.03.30-16.42.43:751][  0]LogAssetRegistry: FAssetRegistry took 0.0022 seconds to start up
[2022.03.30-16.42.43:931][  0]LogPackageLocalizationCache: Processed 27 localized package path(s) for 1 prioritized culture(s) in 0.001122 seconds
[2022.03.30-16.42.44:013][  0]LogInit: Selected Device Profile: [Windows]
[2022.03.30-16.42.44:013][  0]LogInit: Active device profile: [000001B84C3D3800][000001B83FC20940 49] Windows
[2022.03.30-16.42.44:013][  0]LogInit: Profiles: [000001B84C3D3800][000001B83FC20940 49] Windows, [000001B84C3D8A00][000001B83FC28AC0 49] WindowsNoEditor, [000001B84C3D0A00][000001B83FC2CC40 49] WindowsServer, [000001B84C3DAD00][000001B83FC30DC0 49] WindowsClient, [000001B84C3D2D00][000001B83FC34F40 49] IOS, [000001B84C3DB700][000001B83FC390C0 49] iPadAir, [000001B84C3D3600][000001B83FC3D240 49] iPadAir2, [000001B84C38B900][000001B83FC254C0 49] IPadPro, [000001B84C38BA00][000001B84003D500 49] iPadAir3, [000001B84C3D2500][000001B840041640 49] iPadAir4, [000001B84C388F00][000001B840045780 49] iPadMini2, [000001B84C3D1A00][000001B8400498C0 49] iPadMini3, [000001B84C38A800][000001B840051A40 49] iPadMini4, [000001B84C3D3500][000001B840055BC0 49] iPadMini5, [000001B84C39F200][000001B84005C300 49] iPhone6, [000001B84C39F300][000001B840058340 49] iPodTouch6, [000001B84C38A100][000001B840064600 49] iPhone7, [000001B84C38A200][000001B840060640 49] iPodTouch7, [000001B84C39CE00][000001B8400687C0 49] iPhone5S, [000001B84C38BC00][000001B84006C940 49] iPhone6Plus, [000001B84C39E900][000001B840070AC0 49] iPhone6S, [000001B84C38AC00][000001B840074C40 49] iPhone6SPlus, [000001B84C39FF00][000001B840078DC0 49] iPhone7Plus, [000001B84C389F00][000001B84007CF40 49] iPhoneSE, [000001B84C39CF00][000001B8400810C0 49] iPhone8, [000001B84C389700][000001B840085240 49] iPhone8Plus, [000001B84C39C100][000001B8400893C0 49] iPhoneX, [000001B84C38A300][000001B84008D540 49] iPhoneXS, [000001B84C39CA00][000001B8400916C0 49] iPhoneXSMax, [000001B84C38B700][000001B84004D800 49] iPhoneXR, [000001B84C39D400][000001B840095940 49] iPhone11, [000001B84C38BF00][000001B840099A80 49] iPhone11Pro, [000001B84C39E400][000001B846FB1C00 49] iPhone11ProMax, [000001B84C38B100][000001B846FB4200 49] iPhoneSE2, [000001B84C39F700][000001B846FB8380 49] iPhone12Mini, [000001B84C388800][000001B846FBC500 49] iPhone12, [000001B84C39EA00][000001B846FC0680 49] iPhone12Pro, [000001B84C389500][000001B846FC4800 49] iPhone12ProMax, [000001B84C39EE00][000001B846FC8980 49] iPadPro105, [000001B84C38AD00][000001B846FCCB00 49] iPadPro129, [000001B84C39E800][000001B846FD0C80 49] iPadPro97, [000001B84C38B500][000001B846FD4E00 49] iPadPro2_129, [000001B84C39C300][000001B846FD8F80 49] iPad5, [000001B84C389900][000001B846FDD100 49] iPad6, [000001B84C39CC00][000001B846FE1280 49] iPad7, [000001B84C38B000][000001B846FE5400 49] iPad8, [000001B84C39DB00][000001B846FE9580 49] iPadPro11, [000001B84C388400][000001B846FED700 49] iPadPro2_11, [000001B84C39C900][000001B846FF1880 49] iPadPro3_129, [000001B84C388A00][000001B84009D9C0 49] iPadPro4_129, [000001B84C39C400][000001B846FF5B00 49] AppleTV, [000001B84C389600][000001B846FF80C0 49] AppleTV4K, [000001B84C39D300][000001B847000240 49] TVOS, [000001B84C38B300][000001B8470043C0 49] Mac, [000001B84C39E500][000001B847008540 49] MacClient, [000001B84C388600][000001B84700C6C0 49] MacNoEditor, [000001B84C3D8B00][000001B847010840 49] MacServer, [000001B84C461200][000001B8470149C0 49] Linux, [000001B84C3D8100][000001B847018B40 49] LinuxAArch64, [000001B84C462B00][000001B84701CCC0 49] LinuxNoEditor, [000001B84C3DAC00][000001B847020E40 49] LinuxAArch64NoEditor, [000001B84C460700][000001B847024FC0 49] LinuxClient, [000001B84C3D8D00][000001B847029140 49] LinuxAArch64Client, [000001B84C461A00][000001B84702D2C0 49] LinuxServer, [000001B84C3D9000][000001B847031440 49] LinuxAArch64Server, [000001B84C461900][000001B8470355C0 49] Android, [000001B84C3DB300][000001B847039740 49] Android_Low, [000001B84C460C00][000001B84703D8C0 49] Android_Mid, [000001B84C3DBF00][000001B847041A40 49] Android_High, [000001B84C460200][000001B846FFDB80 49] Android_Default, [000001B84C3DB000][000001B847044140 49] Android_Adreno4xx, [000001B84C462200][000001B847048280 49] Android_Adreno5xx_Low, [000001B84C3DB500][000001B84704C3C0 49] Android_Adreno5xx, [000001B84C462700][000001B847054540 49] Android_Adreno6xx, [000001B84C3DBC00][000001B8470586C0 49] Android_Adreno6xx_Vulkan, [000001B84C462600][000001B84705C840 49] Android_Mali_T6xx, [000001B84C3DA600][000001B8470609C0 49] Android_Mali_T7xx, [000001B84C461000][000001B847064B40 49] Android_Mali_T8xx, [000001B84C3DAE00][000001B847068CC0 49] Android_Mali_G71, [000001B84C460100][000001B84706CE40 49] Android_Mali_G72, [000001B84C38B200][000001B847070FC0 49] Android_Mali_G72_Vulkan, [000001B84C462F00][000001B847075140 49] Android_Mali_G76, [000001B84C38AF00][000001B8470792C0 49] Android_Mali_G76_Vulkan, [000001B84C462800][000001B84707D440 49] Android_Mali_G77, [000001B84C388B00][000001B8470815C0 49] Android_Mali_G77_Vulkan, [000001B84C460300][000001B847085740 49] Android_Mali_G78, [000001B84C38A900][000001B8470898C0 49] Android_Mali_G78_Vulkan, [000001B84C460600][000001B84708DA40 49] Android_Mali_G710, [000001B84C389100][000001B847091BC0 49] Android_Mali_G710_Vulkan, [000001B84C461600][000001B847050180 49] Android_Vulkan_SM5, [000001B84C38AB00][000001B8470942C0 49] Android_PowerVR_G6xxx, [000001B84C461100][000001B847098400 49] Android_PowerVR_GT7xxx, [000001B84C388D00][000001B84709C540 49] Android_PowerVR_GE8xxx, [000001B84C462100][000001B8470A46C0 49] Android_PowerVR_GM9xxx, [000001B84C38B400][000001B8470A8840 49] Android_PowerVR_GM9xxx_Vulkan, [000001B84C461400][000001B8470AC9C0 49] Android_TegraK1, [000001B84C38BE00][000001B8470B0B40 49] Android_Unknown_Vulkan, [000001B84C460900][000001B8470B4CC0 49] Lumin, [000001B84C388200][000001B8470B8E40 49] Lumin_Desktop, [000001B84C461700][000001B84034AFC0 49] HoloLens, 
[2022.03.30-16.42.44:066][  0]LogMeshReduction: Using QuadricMeshReduction for automatic static mesh reduction
[2022.03.30-16.42.44:066][  0]LogMeshReduction: Using SimplygonMeshReduction for automatic skeletal mesh reduction
[2022.03.30-16.42.44:066][  0]LogMeshReduction: Using ProxyLODMeshReduction for automatic mesh merging
[2022.03.30-16.42.44:066][  0]LogMeshReduction: No distributed automatic mesh merging module available
[2022.03.30-16.42.44:066][  0]LogMeshMerging: No distributed automatic mesh merging module available
[2022.03.30-16.42.44:167][  0]LogNetVersion: Abuse_regret 1.0.0, NetCL: 17155196, EngineNetVer: 17, GameNetVer: 0 (Checksum: 826977019)
[2022.03.30-16.42.44:441][  0]LogTexture: Default maximum texture size for cubemaps generated from long-lat sources has been changed from 512 to unlimited. In order to preserve old behaiour for '/Engine/MapTemplates/Sky/DaylightAmbientCubemap.DaylightAmbientCubemap', its maximum texture size has been explicitly set to 512.
[2022.03.30-16.42.44:504][  0]LogHMD: PokeAHoleMaterial loaded successfully
[2022.03.30-16.42.44:643][  0]LogMoviePlayer: Initializing movie player
[2022.03.30-16.42.44:879][  0]LogNiagaraDebuggerClient: Niagara Debugger Client Initialized | Session: FEF306A44F0BC00DE8DC0C9A90A1CFD4 | Instance: 7EC555DB4112F3C6A45BF1BFF8B200E1 (DESKTOP-C7382K4-10724).
[2022.03.30-16.42.44:895][  0]LogCollectionManager: Loaded 0 collections in 0.001575 seconds
[2022.03.30-16.42.44:899][  0]LogFileCache: Scanning file cache for directory 'E:/projet/repo/Abuse_Regret/Abuse_regret/Saved/Collections/' took 0.00s
[2022.03.30-16.42.44:900][  0]LogFileCache: Scanning file cache for directory 'E:/projet/repo/Abuse_Regret/Abuse_regret/Content/Developers/Remy/Collections/' took 0.00s
[2022.03.30-16.42.44:900][  0]LogFileCache: Scanning file cache for directory 'E:/projet/repo/Abuse_Regret/Abuse_regret/Content/Collections/' took 0.00s
[2022.03.30-16.42.44:900][  0]LogCollectionManager: Fixed up redirectors for 0 collections in 0.000002 seconds (updated 0 objects)
[2022.03.30-16.42.44:918][  0]LogTcpMessaging: Initializing TcpMessaging bridge
[2022.03.30-16.42.44:924][  0]LogUdpMessaging: Initializing bridge on interface 0.0.0.0:0 to multicast group 230.0.0.1:6666.
[2022.03.30-16.42.44:978][  0]LogPython: Using Python 3.7.7
[2022.03.30-16.42.45:487][  0]LogSteamShared: Display: Loading Steam SDK 1.51
[2022.03.30-16.42.45:488][  0]LogSteamShared: Steam SDK Loaded!
[2022.03.30-16.42.45:527][  0]SourceControl: Source control is disabled
[2022.03.30-16.42.45:528][  0]SourceControl: Source control is disabled
[2022.03.30-16.42.45:529][  0]SourceControl: Source control is disabled
[2022.03.30-16.42.45:534][  0]LogUProjectInfo: Found projects:
[2022.03.30-16.42.45:570][  0]LogAndroidPermission: UAndroidPermissionCallbackProxy::GetInstance
[2022.03.30-16.42.45:597][  0]LogAudioCaptureCore: Display: No Audio Capture implementations found. Audio input will be silent.
[2022.03.30-16.42.45:598][  0]LogAudioCaptureCore: Display: No Audio Capture implementations found. Audio input will be silent.
[2022.03.30-16.42.45:696][  0]LogOpenImageDenoise: OIDN starting up
[2022.03.30-16.42.45:710][  0]LogOcInput: OculusInput pre-init called
[2022.03.30-16.42.45:720][  0]LogUObjectArray: 22352 objects as part of root set at end of initial load.
[2022.03.30-16.42.45:720][  0]LogUObjectAllocator: 6048224 out of 0 bytes used by permanent object pool.
[2022.03.30-16.42.45:720][  0]LogUObjectArray: CloseDisregardForGC: 0/0 objects in disregard for GC pool
[2022.03.30-16.42.45:774][  0]LogClass: Display: BoolProperty FBPSteamGroupOfficer::bIsOwner is not initialized properly. Module:AdvancedSteamSessions File:Classes/SteamRequestGroupOfficersCallbackProxy.h
[2022.03.30-16.42.45:774][  0]LogClass: Display: IntProperty FBPSteamGroupInfo::numOnline is not initialized properly. Module:AdvancedSteamSessions File:Classes/AdvancedSteamFriendsLibrary.h
[2022.03.30-16.42.45:774][  0]LogClass: Display: IntProperty FBPSteamGroupInfo::numInGame is not initialized properly. Module:AdvancedSteamSessions File:Classes/AdvancedSteamFriendsLibrary.h
[2022.03.30-16.42.45:774][  0]LogClass: Display: IntProperty FBPSteamGroupInfo::numChatting is not initialized properly. Module:AdvancedSteamSessions File:Classes/AdvancedSteamFriendsLibrary.h
[2022.03.30-16.42.45:775][  0]LogClass: Display: 4 Uninitialized script struct members found including 0 object properties
[2022.03.30-16.42.45:776][  0]LogEngine: Initializing Engine...
[2022.03.30-16.42.45:779][  0]LogHMD: Failed to enumerate extensions. Please check that you have a valid OpenXR runtime installed.
[2022.03.30-16.42.45:779][  0]LogHMD: Failed to initialize OpenVR with code 110
[2022.03.30-16.42.45:779][  0]LogMagicLeap: Warning: VR disabled because ZI is not enabled.  To enable, in the editor, Edit -> Project Settings -> Plugins -> Magic Leap Plugin -> Enable Zero Iteration
[2022.03.30-16.42.45:782][  0]LogStats: UGameplayTagsManager::InitializeManager -  0.000 s
[2022.03.30-16.42.45:925][  0]LogInit: Initializing FReadOnlyCVARCache
[2022.03.30-16.42.45:925][  0]LogAudio: Display: Initializing Audio Device Manager...
[2022.03.30-16.42.45:928][  0]LogAudio: Display: Loading Default Audio Settings Objects...
[2022.03.30-16.42.45:929][  0]LogAudio: Display: No default SoundConcurrencyObject specified (or failed to load).
[2022.03.30-16.42.45:929][  0]LogAudio: Display: Audio Device Manager Initialized
[2022.03.30-16.42.45:929][  0]LogAudio: Display: Creating Audio Device:                 Id: 1, Scope: Shared, Realtime: True
[2022.03.30-16.42.45:930][  0]LogAudioMixer: Display: Audio Mixer Platform Settings:
[2022.03.30-16.42.45:930][  0]LogAudioMixer: Display: 	Sample Rate:						  48000
[2022.03.30-16.42.45:930][  0]LogAudioMixer: Display: 	Callback Buffer Frame Size Requested: 1024
[2022.03.30-16.42.45:930][  0]LogAudioMixer: Display: 	Callback Buffer Frame Size To Use:	  1024
[2022.03.30-16.42.45:930][  0]LogAudioMixer: Display: 	Number of buffers to queue:			  2
[2022.03.30-16.42.45:930][  0]LogAudioMixer: Display: 	Max Channels (voices):				  32
[2022.03.30-16.42.45:930][  0]LogAudioMixer: Display: 	Number of Async Source Workers:		  0
[2022.03.30-16.42.45:930][  0]LogAudio: Display: AudioDevice MaxSources: 32
[2022.03.30-16.42.45:930][  0]LogAudio: Display: Audio Spatialization Plugin: None (built-in).
[2022.03.30-16.42.45:930][  0]LogAudio: Display: Audio Reverb Plugin: None (built-in).
[2022.03.30-16.42.45:930][  0]LogAudio: Display: Audio Occlusion Plugin: None (built-in).
[2022.03.30-16.42.45:930][  0]LogAudioMixer: Display: Initializing audio mixer.
[2022.03.30-16.42.45:942][  0]LogAudioMixer: Display: 0: FrontLeft
[2022.03.30-16.42.45:942][  0]LogAudioMixer: Display: 1: FrontRight
[2022.03.30-16.42.45:975][  0]LogAudioMixer: Display: Using Audio Device Speakers (Realtek(R) Audio)
[2022.03.30-16.42.45:981][  0]LogAudioMixer: Display: Initializing Sound Submixes...
[2022.03.30-16.42.45:983][  0]LogAudioMixer: Display: Creating Master Submix 'MasterSubmixDefault'
[2022.03.30-16.42.45:983][  0]LogAudioMixer: Display: Creating Master Submix 'MasterReverbSubmixDefault'
[2022.03.30-16.42.45:984][  0]LogAudioMixer: Display: Creating Master Submix 'MasterEQSubmixDefault'
[2022.03.30-16.42.45:984][  0]LogAudioMixer: FMixerPlatformXAudio2::StartAudioStream() called
[2022.03.30-16.42.45:984][  0]LogAudioMixer: Display: Output buffers initialized: Frames=1024, Channels=2, Samples=2048
[2022.03.30-16.42.45:985][  0]LogAudioMixer: Display: Starting AudioMixerPlatformInterface::RunInternal()
[2022.03.30-16.42.45:985][  0]LogAudioMixer: Display: FMixerPlatformXAudio2::SubmitBuffer() called for the first time
[2022.03.30-16.42.45:985][  0]LogInit: FAudioDevice initialized.
[2022.03.30-16.42.45:987][  0]LogNetVersion: Set ProjectVersion to 1.0.0.0. Version Checksum will be recalculated on next use.
[2022.03.30-16.42.45:987][  0]LogInit: Texture streaming: Enabled
[2022.03.30-16.42.46:066][  0]LogAudio: Display: Audio Device (ID: 1) registered with world 'Untitled'.
[2022.03.30-16.42.46:066][  0]LogSlate: Updating window title bar state: overlay mode, drag disabled, window buttons hidden, title bar hidden
[2022.03.30-16.42.46:068][  0]LogInit: Display: Game Engine Initialized.
[2022.03.30-16.42.46:068][  0]LogNiagaraEditor: GEditor isn't valid! Particle reset commands will not work for Niagara components!
[2022.03.30-16.42.46:207][  0]LogInit: Display: Starting Game.
[2022.03.30-16.42.46:207][  0]LogNet: Browse: /Game/ThirdPersonBP/Maps/Level1?Name=Player
[2022.03.30-16.42.46:207][  0]LogLoad: LoadMap: /Game/ThirdPersonBP/Maps/Level1?Name=Player
[2022.03.30-16.42.46:207][  0]LogWorld: BeginTearingDown for /Temp/Untitled_0
[2022.03.30-16.42.46:209][  0]LogWorld: UWorld::CleanupWorld for Untitled, bSessionEnded=true, bCleanupResources=true
[2022.03.30-16.42.46:209][  0]LogSlate: InvalidateAllWidgets triggered.  All widgets were invalidated
[2022.03.30-16.42.46:216][  0]LogAudio: Display: Audio Device unregistered from world 'None'.
[2022.03.30-16.42.46:220][  0]LogUObjectHash: Compacting FUObjectHashTables data took   0.99ms
[2022.03.30-16.42.46:537][  0]LogAudio: Display: Audio Device (ID: 1) registered with world 'Level1'.
[2022.03.30-16.42.46:549][  0]LogAIModule: Creating AISystem for world Level1
[2022.03.30-16.42.46:552][  0]LogLoad: Game class is 'ThirdPersonGameMode_C'
[2022.03.30-16.42.46:558][  0]LogWorld: Bringing World /Game/ThirdPersonBP/Maps/Level1.Level1 up for play (max tick rate 0) at 2022.03.30-18.42.46
[2022.03.30-16.42.46:558][  0]LogWorld: Bringing up level for play took: 0.004964
[2022.03.30-16.42.46:561][  0]LogLoad: Took 0.353863 seconds to LoadMap(/Game/ThirdPersonBP/Maps/Level1)
[2022.03.30-16.42.46:596][  0]LogSlate: Took 0.000235 seconds to synchronously load lazily loaded font '../../../Engine/Content/Slate/Fonts/Roboto-Regular.ttf' (155K)
[2022.03.30-16.42.46:637][  0]LogRenderer: Reallocating scene render targets to support 640x480 Format 10 NumSamples 1 (Frame:1).
[2022.03.30-16.42.46:637][  0]LogInit: Display: Engine is initialized. Leaving FEngineLoop::Init()
[2022.03.30-16.42.46:637][  0]LogLoad: (Engine Initialization) Total time: 7.74 seconds
[2022.03.30-16.42.46:637][  0]LogLoad: (Engine Initialization) Total Blueprint compile time: 0.00 seconds
[2022.03.30-16.42.46:643][  0]LogContentStreaming: Texture pool size now 1000 MB
[2022.03.30-16.42.46:646][  0]LogSlate: InvalidateAllWidgets triggered.  All widgets were invalidated
[2022.03.30-16.42.46:815][  0]LogRenderer: Reallocating scene render targets to support 128x128 Format 10 NumSamples 1 (Frame:1).
[2022.03.30-16.42.46:894][  0]LogRenderer: Reallocating scene render targets to support 640x480 Format 10 NumSamples 1 (Frame:2).
[2022.03.30-16.42.46:907][  1]LogSlate: Took 0.000292 seconds to synchronously load lazily loaded font '../../../Engine/Content/Slate/Fonts/Roboto-Regular.ttf' (155K)
